25/May/2025:09:19:20 +0000 ::1 - GET /api/status HTTP/1.1 - 200 2 2.399ms Mozilla/5.0 (Windows NT 10.0; Win64; x64) AppleWebKit/537.36 (KHTML, like Gecko) Chrome/125.0.0.0 Safari/537.36
25/May/2025:09:19:20 +0000 ::1 - GET /favicon.ico HTTP/1.1 http://localhost:8800/api/status 404 31 1.317ms Mozilla/5.0 (Windows NT 10.0; Win64; x64) AppleWebKit/537.36 (KHTML, like Gecko) Chrome/125.0.0.0 Safari/537.36
25/May/2025:09:19:40 +0000 ::1 - GET /api/auth/admin/register HTTP/1.1 - 404 31 2.225ms Mozilla/5.0 (Windows NT 10.0; Win64; x64) AppleWebKit/537.36 (KHTML, like Gecko) Chrome/125.0.0.0 Safari/537.36
25/May/2025:09:20:14 +0000 ::1 - POST /api/auth/admin/register HTTP/1.1 - 200 2 0.665ms PostmanRuntime/7.29.2
25/May/2025:09:44:05 +0000 ::1 - POST /api/auth/admin/register HTTP/1.1 - 200 2 5.679ms PostmanRuntime/7.29.2
25/May/2025:09:48:34 +0000 ::1 - POST /api/auth/admin/register HTTP/1.1 - 400 27 9.696ms PostmanRuntime/7.29.2
25/May/2025:09:49:42 +0000 ::1 - POST /api/auth/admin/register HTTP/1.1 - 400 37 9.335ms PostmanRuntime/7.29.2
25/May/2025:09:50:12 +0000 ::1 - POST /api/auth/admin/register HTTP/1.1 - 400 49 203.323ms PostmanRuntime/7.29.2
25/May/2025:09:50:16 +0000 ::1 - POST /api/auth/admin/register HTTP/1.1 - 201 43 7.195ms PostmanRuntime/7.29.2
25/May/2025:10:10:31 +0000 ::1 - POST /api/auth/admin/register HTTP/1.1 - 500 36 44.923ms PostmanRuntime/7.29.2
25/May/2025:10:10:45 +0000 ::1 - POST /api/auth/admin/register HTTP/1.1 - 201 44 178.446ms PostmanRuntime/7.29.2
25/May/2025:10:14:04 +0000 ::1 - POST /api/auth/admin/register HTTP/1.1 - 500 36 163.793ms PostmanRuntime/7.29.2
25/May/2025:10:15:50 +0000 ::1 - POST /api/auth/admin/register HTTP/1.1 - 201 44 133.798ms PostmanRuntime/7.29.2
25/May/2025:10:16:16 +0000 ::1 - POST /api/auth/admin/register HTTP/1.1 - 500 36 38.712ms PostmanRuntime/7.29.2
25/May/2025:10:17:46 +0000 ::1 - POST /api/auth/admin/register HTTP/1.1 - 500 36 36.875ms PostmanRuntime/7.29.2
25/May/2025:10:18:27 +0000 ::1 - POST /api/auth/admin/register HTTP/1.1 - 201 44 401.233ms PostmanRuntime/7.29.2
25/May/2025:10:21:12 +0000 ::1 - POST /api/auth/admin/signin HTTP/1.1 - 400 51 28.561ms PostmanRuntime/7.29.2
25/May/2025:10:21:21 +0000 ::1 - POST /api/auth/admin/signin HTTP/1.1 - 500 36 153.202ms PostmanRuntime/7.29.2
25/May/2025:10:22:05 +0000 ::1 - POST /api/auth/admin/signin HTTP/1.1 - 200 33 122.334ms PostmanRuntime/7.29.2
25/May/2025:10:22:10 +0000 ::1 - POST /api/auth/admin/signin HTTP/1.1 - 401 40 87.753ms PostmanRuntime/7.29.2
25/May/2025:10:22:12 +0000 ::1 - POST /api/auth/admin/signin HTTP/1.1 - 401 40 81.504ms PostmanRuntime/7.29.2
25/May/2025:10:22:24 +0000 ::1 - POST /api/auth/admin/signin HTTP/1.1 - 401 40 177.141ms PostmanRuntime/7.29.2
25/May/2025:10:22:27 +0000 ::1 - POST /api/auth/admin/signin HTTP/1.1 - 200 33 84.122ms PostmanRuntime/7.29.2
25/May/2025:10:54:15 +0000 ::1 - POST /api/auth/doctor/register HTTP/1.1 - 201 44 514.167ms PostmanRuntime/7.29.2
25/May/2025:10:56:31 +0000 ::1 - POST /api/auth/doctor/register HTTP/1.1 - 409 39 116.289ms PostmanRuntime/7.29.2
25/May/2025:10:57:51 +0000 ::1 - POST /api/auth/doctor/register HTTP/1.1 - 409 39 34.465ms PostmanRuntime/7.29.2
25/May/2025:11:00:54 +0000 ::1 - POST /api/auth/doctor/register HTTP/1.1 - 201 44 126.822ms PostmanRuntime/7.29.2
25/May/2025:11:02:42 +0000 ::1 - GET /favicon.ico HTTP/1.1 http://localhost:8800/api/auth/admin/register 404 31 2.358ms Mozilla/5.0 (Windows NT 10.0; Win64; x64) AppleWebKit/537.36 (KHTML, like Gecko) Chrome/125.0.0.0 Safari/537.36
25/May/2025:11:08:00 +0000 ::1 - POST /api/auth/doctor/register HTTP/1.1 - 201 44 222.211ms PostmanRuntime/7.29.2
25/May/2025:11:11:34 +0000 ::1 - POST /api/auth/doctor/register HTTP/1.1 - 409 39 53.468ms PostmanRuntime/7.29.2
25/May/2025:11:13:06 +0000 ::1 - POST /api/auth/doctor/register HTTP/1.1 - 201 44 262.374ms PostmanRuntime/7.29.2
25/May/2025:11:13:45 +0000 ::1 - POST /api/auth/doctor/register HTTP/1.1 - 409 39 46.000ms PostmanRuntime/7.29.2
25/May/2025:11:15:38 +0000 ::1 - POST /api/auth/doctor/register HTTP/1.1 - 400 54 26.983ms PostmanRuntime/7.29.2
25/May/2025:11:15:44 +0000 ::1 - POST /api/auth/doctor/register HTTP/1.1 - 400 66 3.106ms PostmanRuntime/7.29.2
25/May/2025:11:16:54 +0000 ::1 - POST /api/auth/doctor/register HTTP/1.1 - 201 52 475.985ms PostmanRuntime/7.29.2
25/May/2025:11:17:48 +0000 ::1 - POST /api/auth/doctor/register HTTP/1.1 - 201 52 266.637ms PostmanRuntime/7.29.2
25/May/2025:11:21:50 +0000 ::1 - POST /api/auth/doctor/signin HTTP/1.1 - 500 36 28.778ms PostmanRuntime/7.29.2
25/May/2025:11:22:30 +0000 ::1 - POST /api/auth/doctor/signin HTTP/1.1 - 401 40 35.249ms PostmanRuntime/7.29.2
25/May/2025:11:22:50 +0000 ::1 - POST /api/auth/doctor/signin HTTP/1.1 - 401 40 53.111ms PostmanRuntime/7.29.2
25/May/2025:11:23:39 +0000 ::1 - POST /api/auth/doctor/signin HTTP/1.1 - 401 40 101.034ms PostmanRuntime/7.29.2
25/May/2025:11:24:48 +0000 ::1 - POST /api/auth/doctor/register HTTP/1.1 - 201 52 292.090ms PostmanRuntime/7.29.2
25/May/2025:11:24:51 +0000 ::1 - POST /api/auth/doctor/signin HTTP/1.1 - 200 33 186.072ms PostmanRuntime/7.29.2
25/May/2025:11:25:01 +0000 ::1 - POST /api/auth/doctor/signin HTTP/1.1 - 200 33 106.734ms PostmanRuntime/7.29.2
25/May/2025:11:25:10 +0000 ::1 - POST /api/auth/doctor/register HTTP/1.1 - 201 52 236.685ms PostmanRuntime/7.29.2
25/May/2025:11:25:17 +0000 ::1 - POST /api/auth/doctor/signin HTTP/1.1 - 200 33 87.109ms PostmanRuntime/7.29.2
25/May/2025:11:31:56 +0000 ::1 - POST /api/auth/doctor/signin HTTP/1.1 - 500 36 110.001ms PostmanRuntime/7.29.2
25/May/2025:11:32:30 +0000 ::1 - POST /api/auth/doctor/signin HTTP/1.1 - 500 36 103.830ms PostmanRuntime/7.29.2
25/May/2025:11:32:56 +0000 ::1 - POST /api/auth/doctor/signin HTTP/1.1 - 500 36 118.895ms PostmanRuntime/7.29.2
25/May/2025:11:33:19 +0000 ::1 - POST /api/auth/doctor/signin HTTP/1.1 - 200 424 111.244ms PostmanRuntime/7.29.2
25/May/2025:11:37:19 +0000 ::1 - POST /api/auth/admin/register HTTP/1.1 - 500 36 101.914ms PostmanRuntime/7.29.2
25/May/2025:11:38:21 +0000 ::1 - POST /api/auth/admin/register HTTP/1.1 - 201 44 256.941ms PostmanRuntime/7.29.2
25/May/2025:11:38:40 +0000 ::1 - POST /api/auth/admin/signin HTTP/1.1 - 200 33 117.213ms PostmanRuntime/7.29.2
25/May/2025:11:39:41 +0000 ::1 - POST /api/auth/admin/signin HTTP/1.1 - 200 290 117.688ms PostmanRuntime/7.29.2
25/May/2025:11:39:51 +0000 ::1 - POST /api/auth/doctor/signin HTTP/1.1 - 401 40 8.615ms PostmanRuntime/7.29.2
25/May/2025:11:39:57 +0000 ::1 - POST /api/auth/doctor/register HTTP/1.1 - 201 52 1442.186ms PostmanRuntime/7.29.2
25/May/2025:11:40:01 +0000 ::1 - POST /api/auth/doctor/signin HTTP/1.1 - 200 424 84.547ms PostmanRuntime/7.29.2
25/May/2025:11:54:49 +0000 ::1 - POST /api/auth/doctor/signin HTTP/1.1 - 200 696 122.373ms PostmanRuntime/7.29.2
25/May/2025:12:03:36 +0000 ::1 - GET /api/admin/getDoctorList HTTP/1.1 - 200 106 66.375ms PostmanRuntime/7.29.2
25/May/2025:12:08:40 +0000 ::1 - GET /api/admin/getDoctorList HTTP/1.1 - 200 106 39.283ms PostmanRuntime/7.29.2
25/May/2025:12:10:27 +0000 ::1 - GET /api/admin/getDoctorList HTTP/1.1 - 500 36 29.333ms PostmanRuntime/7.29.2
25/May/2025:12:12:02 +0000 ::1 - GET /api/admin/getDoctorList HTTP/1.1 - 500 36 23.127ms PostmanRuntime/7.29.2
25/May/2025:12:12:56 +0000 ::1 - GET /api/admin/getDoctorList HTTP/1.1 - 500 36 20.765ms PostmanRuntime/7.29.2
25/May/2025:12:13:46 +0000 ::1 - GET /api/admin/getDoctorList HTTP/1.1 - 200 282 44.266ms PostmanRuntime/7.29.2
25/May/2025:12:15:08 +0000 ::1 - POST /api/auth/doctor/register HTTP/1.1 - 201 52 559.113ms PostmanRuntime/7.29.2
25/May/2025:12:15:12 +0000 ::1 - GET /api/admin/getDoctorList HTTP/1.1 - 200 507 7.797ms PostmanRuntime/7.29.2
25/May/2025:12:15:28 +0000 ::1 - GET /api/admin/getDoctorList?limit=1 HTTP/1.1 - 200 281 63.117ms PostmanRuntime/7.29.2
25/May/2025:12:15:41 +0000 ::1 - GET /api/admin/getDoctorList?limit=1&page HTTP/1.1 - 200 281 61.361ms PostmanRuntime/7.29.2
25/May/2025:12:15:45 +0000 ::1 - GET /api/admin/getDoctorList?limit=1&page=1 HTTP/1.1 - 200 281 4.824ms PostmanRuntime/7.29.2
25/May/2025:12:15:51 +0000 ::1 - GET /api/admin/getDoctorList?limit=1&page=2 HTTP/1.1 - 200 270 3.396ms PostmanRuntime/7.29.2
25/May/2025:12:17:30 +0000 ::1 - GET /api/admin/getDoctorList HTTP/1.1 - 200 507 142.173ms PostmanRuntime/7.29.2
25/May/2025:12:17:50 +0000 ::1 - GET /api/admin/getDoctorList?access_status=Requested HTTP/1.1 - 200 507 181.369ms PostmanRuntime/7.29.2
25/May/2025:12:17:58 +0000 ::1 - GET /api/admin/getDoctorList?access_status=Granted HTTP/1.1 - 200 47 6.581ms PostmanRuntime/7.29.2
25/May/2025:12:24:48 +0000 ::1 - PUT /api/admin/updateDoctorAccessStatus/1/accessStatus HTTP/1.1 - 400 66 21.415ms PostmanRuntime/7.29.2
25/May/2025:12:25:03 +0000 ::1 - PUT /api/admin/updateDoctorAccessStatus/1/accessStatus HTTP/1.1 - 404 31 67.181ms PostmanRuntime/7.29.2
25/May/2025:12:25:19 +0000 ::1 - GET /api/admin/getDoctorList HTTP/1.1 - 200 507 63.757ms PostmanRuntime/7.29.2
25/May/2025:12:25:26 +0000 ::1 - PUT /api/admin/updateDoctorAccessStatus/3/accessStatus HTTP/1.1 - 200 49 195.682ms PostmanRuntime/7.29.2
25/May/2025:12:25:34 +0000 ::1 - GET /api/admin/getDoctorList HTTP/1.1 - 200 505 9.742ms PostmanRuntime/7.29.2
25/May/2025:12:26:02 +0000 ::1 - PUT /api/admin/updateDoctorAccessStatus/3/accessStatus HTTP/1.1 - 200 49 428.112ms PostmanRuntime/7.29.2
25/May/2025:12:26:14 +0000 ::1 - GET /api/admin/getDoctorList HTTP/1.1 - 200 505 61.228ms PostmanRuntime/7.29.2
25/May/2025:12:32:34 +0000 ::1 - POST /api/auth/admin/signin HTTP/1.1 - 200 539 168.654ms PostmanRuntime/7.29.2
25/May/2025:12:35:17 +0000 ::1 - GET /api/admin/getDoctorList HTTP/1.1 - 401 12 20.632ms PostmanRuntime/7.29.2
25/May/2025:12:36:55 +0000 ::1 - GET /api/admin/getDoctorList HTTP/1.1 - 401 43 21.893ms PostmanRuntime/7.29.2
25/May/2025:12:37:21 +0000 ::1 1 GET /api/admin/getDoctorList HTTP/1.1 - 200 505 67.453ms PostmanRuntime/7.29.2
25/May/2025:12:37:34 +0000 ::1 3 GET /api/admin/getDoctorList HTTP/1.1 - 401 12 1.873ms PostmanRuntime/7.29.2
25/May/2025:12:38:16 +0000 ::1 3 GET /api/admin/getDoctorList HTTP/1.1 - 401 27 19.741ms PostmanRuntime/7.29.2
25/May/2025:12:39:52 +0000 ::1 1 GET /api/admin/getDoctorList HTTP/1.1 - 200 505 40.243ms PostmanRuntime/7.29.2
25/May/2025:12:40:15 +0000 ::1 - PUT /api/admin/updateDoctorAccessStatus/3/accessStatus HTTP/1.1 - 401 43 3.331ms PostmanRuntime/7.29.2
25/May/2025:12:40:43 +0000 ::1 1 PUT /api/admin/updateDoctorAccessStatus/3/accessStatus HTTP/1.1 - 200 49 68.935ms PostmanRuntime/7.29.2
25/May/2025:12:40:47 +0000 ::1 - PUT /api/admin/updateDoctorAccessStatus/3/accessStatus HTTP/1.1 - 403 39 1.185ms PostmanRuntime/7.29.2
25/May/2025:12:40:58 +0000 ::1 3 PUT /api/admin/updateDoctorAccessStatus/3/accessStatus HTTP/1.1 - 401 27 1.107ms PostmanRuntime/7.29.2
25/May/2025:12:50:40 +0000 ::1 - POST /api/doctor/clinic HTTP/1.1 - 401 43 28.828ms PostmanRuntime/7.29.2
25/May/2025:12:50:55 +0000 ::1 3 POST /api/doctor/clinic HTTP/1.1 - 200 40 7.929ms PostmanRuntime/7.29.2
25/May/2025:13:04:34 +0000 ::1 3 POST /api/doctor/clinic HTTP/1.1 - 400 51 35.348ms PostmanRuntime/7.29.2
25/May/2025:13:05:06 +0000 ::1 3 POST /api/doctor/clinic HTTP/1.1 - 500 36 86.796ms PostmanRuntime/7.29.2
25/May/2025:13:07:42 +0000 ::1 3 POST /api/doctor/clinic HTTP/1.1 - 201 309 177.592ms PostmanRuntime/7.29.2
25/May/2025:13:08:24 +0000 ::1 3 POST /api/doctor/clinic HTTP/1.1 - 201 306 173.289ms PostmanRuntime/7.29.2
25/May/2025:13:12:27 +0000 ::1 1 GET /api/admin/getDoctorList HTTP/1.1 - 200 520 36.372ms PostmanRuntime/7.29.2
25/May/2025:13:13:19 +0000 ::1 3 POST /api/doctor/getClinicList HTTP/1.1 - 404 31 2.065ms PostmanRuntime/7.29.2
25/May/2025:13:13:35 +0000 ::1 3 GET /api/doctor/getClinicList HTTP/1.1 - 200 562 51.252ms PostmanRuntime/7.29.2
25/May/2025:13:14:19 +0000 ::1 - POST /api/auth/doctor/signin HTTP/1.1 - 200 656 144.200ms PostmanRuntime/7.29.2
25/May/2025:13:14:30 +0000 ::1 4 GET /api/doctor/getClinicList HTTP/1.1 - 200 74 128.087ms PostmanRuntime/7.29.2
25/May/2025:13:14:43 +0000 ::1 3 POST /api/doctor/clinic HTTP/1.1 - 201 306 185.438ms PostmanRuntime/7.29.2
25/May/2025:13:14:47 +0000 ::1 4 GET /api/doctor/getClinicList HTTP/1.1 - 200 74 11.815ms PostmanRuntime/7.29.2
25/May/2025:13:15:05 +0000 ::1 4 POST /api/doctor/clinic HTTP/1.1 - 201 308 158.182ms PostmanRuntime/7.29.2
25/May/2025:13:15:08 +0000 ::1 4 GET /api/doctor/getClinicList HTTP/1.1 - 200 318 9.570ms PostmanRuntime/7.29.2
25/May/2025:13:15:12 +0000 ::1 3 GET /api/doctor/getClinicList HTTP/1.1 - 200 805 6.163ms PostmanRuntime/7.29.2
25/May/2025:13:19:00 +0000 ::1 3 GET /api/doctor/getClinicList?id=1 HTTP/1.1 - 200 256 78.305ms PostmanRuntime/7.29.2
25/May/2025:13:19:19 +0000 ::1 3 GET /api/doctor/getClinicList?id=1 HTTP/1.1 - 200 256 55.087ms PostmanRuntime/7.29.2
25/May/2025:13:19:25 +0000 ::1 3 GET /api/doctor/getClinicList?id=4 HTTP/1.1 - 500 31 3.247ms PostmanRuntime/7.29.2
25/May/2025:13:19:32 +0000 ::1 3 GET /api/doctor/getClinicList?id=1 HTTP/1.1 - 200 256 4.101ms PostmanRuntime/7.29.2
25/May/2025:13:23:01 +0000 ::1 3 GET /api/doctor/getClinicList?id=1 HTTP/1.1 - 200 256 82.628ms PostmanRuntime/7.29.2
25/May/2025:13:23:23 +0000 ::1 3 PUT /api/doctor/clinic/1 HTTP/1.1 - 200 312 172.945ms PostmanRuntime/7.29.2
25/May/2025:13:23:28 +0000 ::1 3 GET /api/doctor/getClinicList?id=1 HTTP/1.1 - 200 257 5.190ms PostmanRuntime/7.29.2
25/May/2025:13:23:42 +0000 ::1 3 PUT /api/doctor/clinic/1 HTTP/1.1 - 200 316 165.436ms PostmanRuntime/7.29.2
25/May/2025:13:23:45 +0000 ::1 3 GET /api/doctor/getClinicList?id=1 HTTP/1.1 - 200 261 3.961ms PostmanRuntime/7.29.2
25/May/2025:13:23:57 +0000 ::1 4 GET /api/doctor/getClinicList?id=1 HTTP/1.1 - 500 31 48.584ms PostmanRuntime/7.29.2
25/May/2025:13:24:06 +0000 ::1 4 GET /api/doctor/getClinicList HTTP/1.1 - 200 318 9.116ms PostmanRuntime/7.29.2
25/May/2025:13:24:22 +0000 ::1 4 PUT /api/doctor/clinic/1 HTTP/1.1 - 404 31 49.816ms PostmanRuntime/7.29.2
25/May/2025:13:24:30 +0000 ::1 4 PUT /api/doctor/clinic/4 HTTP/1.1 - 200 318 123.307ms PostmanRuntime/7.29.2
25/May/2025:13:24:33 +0000 ::1 4 GET /api/doctor/getClinicList HTTP/1.1 - 200 326 7.634ms PostmanRuntime/7.29.2
25/May/2025:13:26:30 +0000 ::1 4 GET /api/doctor/getClinicList HTTP/1.1 - 200 326 83.923ms PostmanRuntime/7.29.2
25/May/2025:13:27:11 +0000 ::1 4 DELETE /api/doctor/clinic/4 HTTP/1.1 - 200 42 161.586ms PostmanRuntime/7.29.2
25/May/2025:13:27:17 +0000 ::1 4 GET /api/doctor/getClinicList HTTP/1.1 - 200 74 9.524ms PostmanRuntime/7.29.2
25/May/2025:13:27:22 +0000 ::1 4 DELETE /api/doctor/clinic/1 HTTP/1.1 - 404 31 6.658ms PostmanRuntime/7.29.2
25/May/2025:13:27:33 +0000 ::1 1 GET /api/admin/getDoctorList HTTP/1.1 - 200 520 55.822ms PostmanRuntime/7.29.2
25/May/2025:13:27:41 +0000 ::1 1 GET /api/admin/getDoctorList HTTP/1.1 - 200 520 5.003ms PostmanRuntime/7.29.2
25/May/2025:13:27:59 +0000 ::1 - POST /api/auth/doctor/signin HTTP/1.1 - 200 694 130.794ms PostmanRuntime/7.29.2
25/May/2025:13:28:10 +0000 ::1 3 GET /api/doctor/getClinicList HTTP/1.1 - 200 810 55.591ms PostmanRuntime/7.29.2
25/May/2025:13:28:18 +0000 ::1 3 DELETE /api/doctor/clinic/1 HTTP/1.1 - 200 42 47.407ms PostmanRuntime/7.29.2
25/May/2025:13:28:22 +0000 ::1 3 DELETE /api/doctor/clinic/4 HTTP/1.1 - 404 31 3.257ms PostmanRuntime/7.29.2
25/May/2025:13:28:24 +0000 ::1 3 GET /api/doctor/getClinicList HTTP/1.1 - 200 559 5.945ms PostmanRuntime/7.29.2
25/May/2025:14:07:07 +0000 ::1 3 GET /api/doctor/getClinicList HTTP/1.1 - 200 559 87.158ms PostmanRuntime/7.29.2
25/May/2025:14:08:07 +0000 ::1 3 POST /api/doctor/expense HTTP/1.1 - 500 36 58.635ms PostmanRuntime/7.29.2
